<?xml version="1.0" encoding="UTF-8"?>
<testsuite name="Cucumber" time="71.402" tests="3" skipped="0" failures="0" errors="0">
<testcase classname="Registration Functionality" name="Registration With Invalid details - #1.1" time="43.298">
<system-out><![CDATA[
Given Go To Website Link Staples.com........................................passed
Then Create Account.........................................................passed
And Enter Invalid details to Register such as "abd@cd", "Dinesh","Seth","78888" and "test5".passed
Then Verify  error message in Email field...................................passed
Then Verify  error message in Phone number..................................passed
Then Verify error message in password.......................................passed
]]></system-out>
</testcase>
<testcase classname="Registration Functionality" name="Registration With Valid details" time="9.499">
<system-out><![CDATA[
Given Enter Valid Details...................................................passed
And Verify if user gets Logged in...........................................passed
]]></system-out>
</testcase>
<testcase classname="Registration Functionality" name="Search with a value and Add a product to Add to cart Page" time="18.134">
<system-out><![CDATA[
Given Enter search value in search Bar and search...........................passed
Then In the selected product page click on Add to cart......................passed
Then Verify that same product is added in Add to cart.......................passed
Then Verify Cart Subtotal value.............................................passed
]]></system-out>
</testcase>
</testsuite>
