<?xml version="1.0" encoding="UTF-8"?>
<testng-results ignored="0" total="1" passed="1" failed="0" skipped="0">
  <reporter-output>
  </reporter-output>
  <suite started-at="2024-07-27T13:23:50 IST" name="Default suite" finished-at="2024-07-27T13:24:26 IST" duration-ms="35295">
    <groups>
      <group name="cucumber">
        <method signature="AbstractTestNGCucumberTests.runScenario(io.cucumber.testng.PickleWrapper,io.cucumber.testng.FeatureWrapper)[pri:0, instance:qa.runner.TestRunner@2a7f1f10]" name="runScenario" class="io.cucumber.testng.AbstractTestNGCucumberTests"/>
      </group> <!-- cucumber -->
    </groups>
    <test started-at="2024-07-27T13:23:50 IST" name="Default test" finished-at="2024-07-27T13:24:26 IST" duration-ms="35295">
      <class name="qa.runner.TestRunner">
        <test-method is-config="true" signature="setUpClass(org.testng.ITestContext)[pri:0, instance:qa.runner.TestRunner@2a7f1f10]" started-at="2024-07-27T13:23:50 IST" name="setUpClass" finished-at="2024-07-27T13:23:52 IST" duration-ms="1234" status="PASS">
          <params>
            <param index="0">
              <value>
                <![CDATA[org.testng.TestRunner@78c1372d]]>
              </value>
            </param>
          </params>
          <reporter-output>
          </reporter-output>
        </test-method> <!-- setUpClass -->
        <test-method signature="runScenario(io.cucumber.testng.PickleWrapper,io.cucumber.testng.FeatureWrapper)[pri:0, instance:qa.runner.TestRunner@2a7f1f10]" started-at="2024-07-27T13:23:52 IST" name="runScenario" description="Runs Cucumber Scenarios" data-provider="scenarios" finished-at="2024-07-27T13:24:26 IST" duration-ms="33831" status="PASS">
          <params>
            <param index="0">
              <value>
                <![CDATA["Validate Free CRM Home Page Test"]]>
              </value>
            </param>
            <param index="1">
              <value>
                <![CDATA["Free CRM Application Test"]]>
              </value>
            </param>
          </params>
          <reporter-output>
          </reporter-output>
        </test-method> <!-- runScenario -->
        <test-method is-config="true" signature="tearDownClass()[pri:0, instance:qa.runner.TestRunner@2a7f1f10]" started-at="2024-07-27T13:24:26 IST" name="tearDownClass" finished-at="2024-07-27T13:24:26 IST" duration-ms="152" status="PASS">
          <reporter-output>
          </reporter-output>
        </test-method> <!-- tearDownClass -->
      </class> <!-- qa.runner.TestRunner -->
    </test> <!-- Default test -->
  </suite> <!-- Default suite -->
</testng-results>
